Debug|Reading config...
Debug|Reading referenced images from 'C:\Users\hans\Pictures\miband\repo\Project'
Trace|Loading resources for 2 'Background'
Trace|Loading resources for 2.1 'ImageBasic'
Trace|Loading image 60...
Trace|Image was loaded from file C:\Users\hans\Pictures\miband\repo\Project\0060.png
Trace|Loading resources for 2.3 'ImageBasic'
Trace|Loading image 61...
Trace|Image was loaded from file C:\Users\hans\Pictures\miband\repo\Project\0061.png
Trace|Loading resources for 2.4 'ImageBasic'
Trace|Loading resources for 2.5 'ImageBasic'
Trace|Loading resources for 3 'Time'
Trace|Loading resources for 3.1 'TwoDigits'
Trace|Loading resources for 3.1.1 'ImageSet'
Trace|Loading image 20...
Trace|Image was loaded from file C:\Users\hans\Pictures\miband\repo\Project\0020.png
Trace|Loading image 21...
Trace|Image was loaded from file C:\Users\hans\Pictures\miband\repo\Project\0021.png
Trace|Loading image 22...
Trace|Image was loaded from file C:\Users\hans\Pictures\miband\repo\Project\0022.png
Trace|Loading image 23...
Trace|Image was loaded from file C:\Users\hans\Pictures\miband\repo\Project\0023.png
Trace|Loading image 24...
Trace|Image was loaded from file C:\Users\hans\Pictures\miband\repo\Project\0024.png
Trace|Loading image 25...
Trace|Image was loaded from file C:\Users\hans\Pictures\miband\repo\Project\0025.png
Trace|Loading image 26...
Trace|Image was loaded from file C:\Users\hans\Pictures\miband\repo\Project\0026.png
Trace|Loading image 27...
Trace|Image was loaded from file C:\Users\hans\Pictures\miband\repo\Project\0027.png
Trace|Loading image 28...
Trace|Image was loaded from file C:\Users\hans\Pictures\miband\repo\Project\0028.png
Trace|Loading image 29...
Trace|Image was loaded from file C:\Users\hans\Pictures\miband\repo\Project\0029.png
Trace|Loading resources for 3.1.2 'ImageSet'
Trace|Loading resources for 3.2 'TwoDigits'
Trace|Loading resources for 3.2.1 'ImageSet'
Trace|Loading resources for 3.2.2 'ImageSet'
Trace|Loading resources for 4 'Activity'
Trace|Loading resources for 4.1 'Steps'
Trace|Loading resources for 4.1.1 'Number'
Trace|Loading resources for 4.1.1.5 'TextAlignment'
Trace|Loading image 10...
Trace|Image was loaded from file C:\Users\hans\Pictures\miband\repo\Project\0010.png
Trace|Loading image 11...
Trace|Image was loaded from file C:\Users\hans\Pictures\miband\repo\Project\0011.png
Trace|Loading image 12...
Trace|Image was loaded from file C:\Users\hans\Pictures\miband\repo\Project\0012.png
Trace|Loading image 13...
Trace|Image was loaded from file C:\Users\hans\Pictures\miband\repo\Project\0013.png
Trace|Loading image 14...
Trace|Image was loaded from file C:\Users\hans\Pictures\miband\repo\Project\0014.png
Trace|Loading image 15...
Trace|Image was loaded from file C:\Users\hans\Pictures\miband\repo\Project\0015.png
Trace|Loading image 16...
Trace|Image was loaded from file C:\Users\hans\Pictures\miband\repo\Project\0016.png
Trace|Loading image 17...
Trace|Image was loaded from file C:\Users\hans\Pictures\miband\repo\Project\0017.png
Trace|Loading image 18...
Trace|Image was loaded from file C:\Users\hans\Pictures\miband\repo\Project\0018.png
Trace|Loading image 19...
Trace|Image was loaded from file C:\Users\hans\Pictures\miband\repo\Project\0019.png
Trace|Loading resources for 4.4 'PulseWrapper'
Trace|Loading resources for 4.4.1 'Number'
Trace|Loading resources for 4.4.1.5 'TextAlignment'
Trace|Loading image 1...
Trace|Image was loaded from file C:\Users\hans\Pictures\miband\repo\Project\0001.png
Trace|Loading resources for 5 'Date'
Trace|Loading resources for 5.1 'MonthAndDayAndYear'
Trace|Loading resources for 5.1.1 'SeparateMonthAndDay'
Trace|Loading resources for 5.1.1.2 'ImageSet'
Trace|Loading image 31...
Trace|Image was loaded from file C:\Users\hans\Pictures\miband\repo\Project\0031.png
Trace|Loading image 32...
Trace|Image was loaded from file C:\Users\hans\Pictures\miband\repo\Project\0032.png
Trace|Loading image 33...
Trace|Image was loaded from file C:\Users\hans\Pictures\miband\repo\Project\0033.png
Trace|Loading image 34...
Trace|Image was loaded from file C:\Users\hans\Pictures\miband\repo\Project\0034.png
Trace|Loading image 35...
Trace|Image was loaded from file C:\Users\hans\Pictures\miband\repo\Project\0035.png
Trace|Loading image 36...
Trace|Image was loaded from file C:\Users\hans\Pictures\miband\repo\Project\0036.png
Trace|Loading image 37...
Trace|Image was loaded from file C:\Users\hans\Pictures\miband\repo\Project\0037.png
Trace|Loading image 38...
Trace|Image was loaded from file C:\Users\hans\Pictures\miband\repo\Project\0038.png
Trace|Loading image 39...
Trace|Image was loaded from file C:\Users\hans\Pictures\miband\repo\Project\0039.png
Trace|Loading image 40...
Trace|Image was loaded from file C:\Users\hans\Pictures\miband\repo\Project\0040.png
Trace|Loading image 41...
Trace|Image was loaded from file C:\Users\hans\Pictures\miband\repo\Project\0041.png
Trace|Loading image 42...
Trace|Image was loaded from file C:\Users\hans\Pictures\miband\repo\Project\0042.png
Trace|Loading resources for 5.1.1.3 'ImageSet'
Trace|Loading resources for 5.1.1.4 'Number'
Trace|Loading resources for 5.1.1.4.5 'TextAlignment'
Trace|Loading resources for 5.1.4 'Boolean'
Trace|Loading resources for 5.1.5 'Boolean'
Trace|Loading resources for 5.4 'ImageSet'
Trace|Loading image 51...
Trace|Image was loaded from file C:\Users\hans\Pictures\miband\repo\Project\0051.png
Trace|Loading image 52...
Trace|Image was loaded from file C:\Users\hans\Pictures\miband\repo\Project\0052.png
Trace|Loading image 53...
Trace|Image was loaded from file C:\Users\hans\Pictures\miband\repo\Project\0053.png
Trace|Loading image 54...
Trace|Image was loaded from file C:\Users\hans\Pictures\miband\repo\Project\0054.png
Trace|Loading image 55...
Trace|Image was loaded from file C:\Users\hans\Pictures\miband\repo\Project\0055.png
Trace|Loading image 56...
Trace|Image was loaded from file C:\Users\hans\Pictures\miband\repo\Project\0056.png
Trace|Loading image 57...
Trace|Image was loaded from file C:\Users\hans\Pictures\miband\repo\Project\0057.png
Trace|Loading resources for 5.5 'ImageSet'
Trace|Loading resources for 5.6 'ImageSet'
Trace|Loading resources for 9 'Battery'
Trace|Loading resources for 9.1 'BatteryTextWrapper'
Trace|Loading resources for 9.1.1 'Number'
Trace|Loading resources for 9.1.1.5 'TextAlignment'
Trace|Verifiying Resources...
Trace|Order change, moving1 to 0
Trace|Order change, moving10 to 1
Trace|Order change, moving11 to 2
Trace|Order change, moving12 to 3
Trace|Order change, moving13 to 4
Trace|Order change, moving14 to 5
Trace|Order change, moving15 to 6
Trace|Order change, moving16 to 7
Trace|Order change, moving17 to 8
Trace|Order change, moving18 to 9
Trace|Order change, moving19 to 10
Trace|Order change, moving20 to 11
Trace|Order change, moving21 to 12
Trace|Order change, moving22 to 13
Trace|Order change, moving23 to 14
Trace|Order change, moving24 to 15
Trace|Order change, moving25 to 16
Trace|Order change, moving26 to 17
Trace|Order change, moving27 to 18
Trace|Order change, moving28 to 19
Trace|Order change, moving29 to 20
Trace|Order change, moving31 to 21
Trace|Order change, moving32 to 22
Trace|Order change, moving33 to 23
Trace|Order change, moving34 to 24
Trace|Order change, moving35 to 25
Trace|Order change, moving36 to 26
Trace|Order change, moving37 to 27
Trace|Order change, moving38 to 28
Trace|Order change, moving39 to 29
Trace|Order change, moving40 to 30
Trace|Order change, moving41 to 31
Trace|Order change, moving42 to 32
Trace|Order change, moving51 to 33
Trace|Order change, moving52 to 34
Trace|Order change, moving53 to 35
Trace|Order change, moving54 to 36
Trace|Order change, moving55 to 37
Trace|Order change, moving56 to 38
Trace|Order change, moving57 to 39
Trace|Order change, moving60 to 40
Trace|Order change, moving61 to 41
Trace|Building parameters for watch face...
Trace|2.1.1 'X': 0
Trace|2.1.2 'Y': 0
Trace|2.1.3 'ImageIndex': 40
Trace|2.1 'Image'
Trace|2.3.1 'X': 21
Trace|2.3.2 'Y': 30
Trace|2.3.3 'ImageIndex': 41
Trace|2.3 'Preview1'
Trace|2.4.1 'X': 21
Trace|2.4.2 'Y': 30
Trace|2.4.3 'ImageIndex': 41
Trace|2.4 'Preview2'
Trace|2.5.1 'X': 21
Trace|2.5.2 'Y': 30
Trace|2.5.3 'ImageIndex': 41
Trace|2.5 'Preview3'
Trace|2 'Background'
Trace|3.1.1.1 'X': 4
Trace|3.1.1.2 'Y': 143
Trace|3.1.1.3 'ImageIndex': 11
Trace|3.1.1.4 'ImagesCount': 10
Trace|3.1.1 'Tens'
Trace|3.1.2.1 'X': 76
Trace|3.1.2.2 'Y': 143
Trace|3.1.2.3 'ImageIndex': 11
Trace|3.1.2.4 'ImagesCount': 10
Trace|3.1.2 'Ones'
Trace|3.1 'Hours'
Trace|3.2.1.1 'X': 4
Trace|3.2.1.2 'Y': 243
Trace|3.2.1.3 'ImageIndex': 11
Trace|3.2.1.4 'ImagesCount': 10
Trace|3.2.1 'Tens'
Trace|3.2.2.1 'X': 76
Trace|3.2.2.2 'Y': 243
Trace|3.2.2.3 'ImageIndex': 11
Trace|3.2.2.4 'ImagesCount': 10
Trace|3.2.2 'Ones'
Trace|3.2 'Minutes'
Trace|3.11 'UnknownV11': 0
Trace|3 'Time'
Trace|4.1.1.1 'TopLeftX': 76
Trace|4.1.1.2 'TopLeftY': 76
Trace|4.1.1.3 'BottomRightX': 141
Trace|4.1.1.4 'BottomRightY': 96
Trace|4.1.1.5 'Alignment': 68
Trace|4.1.1.6 'SpacingX': 0
Trace|4.1.1.7 'SpacingY': 0
Trace|4.1.1.8 'ImageIndex': 1
Trace|4.1.1.9 'ImagesCount': 10
Trace|4.1.1 'Number'
Trace|4.1 'Steps'
Trace|4.4.1.1 'TopLeftX': 50
Trace|4.4.1.2 'TopLeftY': 360
Trace|4.4.1.3 'BottomRightX': 89
Trace|4.4.1.4 'BottomRightY': 380
Trace|4.4.1.5 'Alignment': 68
Trace|4.4.1.6 'SpacingX': 0
Trace|4.4.1.7 'SpacingY': 0
Trace|4.4.1.8 'ImageIndex': 1
Trace|4.4.1.9 'ImagesCount': 10
Trace|4.4.1 'Number'
Trace|4.4.3 'NoDataImageIndex': 0
Trace|4.4 'Pulse'
Trace|4.7 'UnknownV7': 0
Trace|4 'Activity'
Trace|5.1.1.2.1 'X': 102
Trace|5.1.1.2.2 'Y': 106
Trace|5.1.1.2.3 'ImageIndex': 21
Trace|5.1.1.2.4 'ImagesCount': 12
Trace|5.1.1.2 'MonthsEN'
Trace|5.1.1.3.1 'X': 102
Trace|5.1.1.3.2 'Y': 106
Trace|5.1.1.3.3 'ImageIndex': 21
Trace|5.1.1.3.4 'ImagesCount': 12
Trace|5.1.1.3 'MonthsCN'
Trace|5.1.1.4.1 'TopLeftX': 63
Trace|5.1.1.4.2 'TopLeftY': 106
Trace|5.1.1.4.3 'BottomRightX': 89
Trace|5.1.1.4.4 'BottomRightY': 126
Trace|5.1.1.4.5 'Alignment': 68
Trace|5.1.1.4.6 'SpacingX': 0
Trace|5.1.1.4.7 'SpacingY': 0
Trace|5.1.1.4.8 'ImageIndex': 1
Trace|5.1.1.4.9 'ImagesCount': 10
Trace|5.1.1.4 'Day'
Trace|5.1.1 'Separate'
Trace|5.1.4 'TwoDigitsMonth': 0
Trace|5.1.5 'TwoDigitsDay': 0
Trace|5.1 'MonthAndDayAndYear'
Trace|5.4.1 'X': 11
Trace|5.4.2 'Y': 106
Trace|5.4.3 'ImageIndex': 33
Trace|5.4.4 'ImagesCount': 7
Trace|5.4 'ENWeekDays'
Trace|5.5.1 'X': 11
Trace|5.5.2 'Y': 106
Trace|5.5.3 'ImageIndex': 33
Trace|5.5.4 'ImagesCount': 7
Trace|5.5 'CNWeekDays'
Trace|5.6.1 'X': 11
Trace|5.6.2 'Y': 106
Trace|5.6.3 'ImageIndex': 33
Trace|5.6.4 'ImagesCount': 7
Trace|5.6 'CN2WeekDays'
Trace|5 'Date'
Trace|9.1.1.1 'TopLeftX': 76
Trace|9.1.1.2 'TopLeftY': 390
Trace|9.1.1.3 'BottomRightX': 115
Trace|9.1.1.4 'BottomRightY': 410
Trace|9.1.1.5 'Alignment': 68
Trace|9.1.1.6 'SpacingX': 0
Trace|9.1.1.7 'SpacingY': 0
Trace|9.1.1.8 'ImageIndex': 1
Trace|9.1.1.9 'ImagesCount': 10
Trace|9.1.1 'Coordinates'
Trace|9.1 'BatteryText'
Trace|9 'Battery'
Debug|Generating previews...
Debug|Writing watch face to 'C:\Users\hans\Pictures\miband\repo\Project\Project_packed.bin'
Trace|Encoding parameters...
Trace|Parameter: 2
Trace|1 (0A):
Trace|    1 (08): 0 (00)
Trace|    2 (10): 0 (00)
Trace|    3 (18): 40 (28)
Trace|8 bytes
Trace|3 (1A):
Trace|    1 (08): 21 (15)
Trace|    2 (10): 30 (1E)
Trace|    3 (18): 41 (29)
Trace|8 bytes
Trace|4 (22):
Trace|    1 (08): 21 (15)
Trace|    2 (10): 30 (1E)
Trace|    3 (18): 41 (29)
Trace|8 bytes
Trace|5 (2A):
Trace|    1 (08): 21 (15)
Trace|    2 (10): 30 (1E)
Trace|    3 (18): 41 (29)
Trace|8 bytes
Trace|Parameter: 3
Trace|1 (0A):
Trace|    1 (0A):
Trace|        1 (08): 4 (04)
Trace|        2 (10): 143 (8F)
Trace|        3 (18): 11 (0B)
Trace|        4 (20): 10 (0A)
Trace|    11 bytes
Trace|    2 (12):
Trace|        1 (08): 76 (4C)
Trace|        2 (10): 143 (8F)
Trace|        3 (18): 11 (0B)
Trace|        4 (20): 10 (0A)
Trace|    11 bytes
Trace|24 bytes
Trace|2 (12):
Trace|    1 (0A):
Trace|        1 (08): 4 (04)
Trace|        2 (10): 243 (F3)
Trace|        3 (18): 11 (0B)
Trace|        4 (20): 10 (0A)
Trace|    11 bytes
Trace|    2 (12):
Trace|        1 (08): 76 (4C)
Trace|        2 (10): 243 (F3)
Trace|        3 (18): 11 (0B)
Trace|        4 (20): 10 (0A)
Trace|    11 bytes
Trace|24 bytes
Trace|11 (58): 0 (00)
Trace|Parameter: 4
Trace|1 (0A):
Trace|    1 (0A):
Trace|        1 (08): 76 (4C)
Trace|        2 (10): 76 (4C)
Trace|        3 (18): 141 (8D)
Trace|        4 (20): 96 (60)
Trace|        5 (28): 68 (44)
Trace|        6 (30): 0 (00)
Trace|        7 (38): 0 (00)
Trace|        8 (40): 1 (01)
Trace|        9 (48): 10 (0A)
Trace|    21 bytes
Trace|23 bytes
Trace|4 (22):
Trace|    1 (0A):
Trace|        1 (08): 50 (32)
Trace|        2 (10): 360 (168)
Trace|        3 (18): 89 (59)
Trace|        4 (20): 380 (17C)
Trace|        5 (28): 68 (44)
Trace|        6 (30): 0 (00)
Trace|        7 (38): 0 (00)
Trace|        8 (40): 1 (01)
Trace|        9 (48): 10 (0A)
Trace|    22 bytes
Trace|    3 (18): 0 (00)
Trace|26 bytes
Trace|7 (38): 0 (00)
Trace|Parameter: 5
Trace|1 (0A):
Trace|    1 (0A):
Trace|        2 (12):
Trace|            1 (08): 102 (66)
Trace|            2 (10): 106 (6A)
Trace|            3 (18): 21 (15)
Trace|            4 (20): 12 (0C)
Trace|        10 bytes
Trace|        3 (1A):
Trace|            1 (08): 102 (66)
Trace|            2 (10): 106 (6A)
Trace|            3 (18): 21 (15)
Trace|            4 (20): 12 (0C)
Trace|        10 bytes
Trace|        4 (22):
Trace|            1 (08): 63 (3F)
Trace|            2 (10): 106 (6A)
Trace|            3 (18): 89 (59)
Trace|            4 (20): 126 (7E)
Trace|            5 (28): 68 (44)
Trace|            6 (30): 0 (00)
Trace|            7 (38): 0 (00)
Trace|            8 (40): 1 (01)
Trace|            9 (48): 10 (0A)
Trace|        20 bytes
Trace|    42 bytes
Trace|    4 (20): 0 (00)
Trace|    5 (28): 0 (00)
Trace|48 bytes
Trace|4 (22):
Trace|    1 (08): 11 (0B)
Trace|    2 (10): 106 (6A)
Trace|    3 (18): 33 (21)
Trace|    4 (20): 7 (07)
Trace|10 bytes
Trace|5 (2A):
Trace|    1 (08): 11 (0B)
Trace|    2 (10): 106 (6A)
Trace|    3 (18): 33 (21)
Trace|    4 (20): 7 (07)
Trace|10 bytes
Trace|6 (32):
Trace|    1 (08): 11 (0B)
Trace|    2 (10): 106 (6A)
Trace|    3 (18): 33 (21)
Trace|    4 (20): 7 (07)
Trace|10 bytes
Trace|Parameter: 9
Trace|1 (0A):
Trace|    1 (0A):
Trace|        1 (08): 76 (4C)
Trace|        2 (10): 390 (186)
Trace|        3 (18): 115 (73)
Trace|        4 (20): 410 (19A)
Trace|        5 (28): 68 (44)
Trace|        6 (30): 0 (00)
Trace|        7 (38): 0 (00)
Trace|        8 (40): 1 (01)
Trace|        9 (48): 10 (0A)
Trace|    22 bytes
Trace|24 bytes
Trace|Encoding offsets and lengths...
Trace|1 (0A):
Trace|    1 (08): 235 (EB)
Trace|    2 (10): 42 (2A)
Trace|7 bytes
Trace|2 (12):
Trace|    1 (08): 0 (00)
Trace|    2 (10): 32 (20)
Trace|6 bytes
Trace|3 (1A):
Trace|    1 (08): 32 (20)
Trace|    2 (10): 50 (32)
Trace|6 bytes
Trace|4 (22):
Trace|    1 (08): 82 (52)
Trace|    2 (10): 51 (33)
Trace|6 bytes
Trace|5 (2A):
Trace|    1 (08): 133 (85)
Trace|    2 (10): 78 (4E)
Trace|7 bytes
Trace|9 (4A):
Trace|    1 (08): 211 (D3)
Trace|    2 (10): 24 (18)
Trace|7 bytes
Trace|Writing header...
Trace|Writing parameters offsets and lengths...
Trace|Writing parameters...
Trace|Writing images...
Trace|Resource 0 offset is 0...
Debug|Encoding resource 0...
Trace|Writing image in Raw mode
Trace|Transparency image...
Trace|Writing image header...
Trace|Width: 13, Height: 20, RowLength: 39
Trace|BPP: 24, PaletteColors: 0, Transaparency: 0
Trace|Resource 1 offset is 796...
Debug|Encoding resource 1...
Trace|Writing image in Raw mode
Trace|Transparency image...
Trace|Writing image header...
Trace|Width: 13, Height: 20, RowLength: 39
Trace|BPP: 24, PaletteColors: 0, Transaparency: 0
Trace|Resource 2 offset is 1592...
Debug|Encoding resource 2...
Trace|Writing image in Raw mode
Trace|Transparency image...
Trace|Writing image header...
Trace|Width: 13, Height: 20, RowLength: 39
Trace|BPP: 24, PaletteColors: 0, Transaparency: 0
Trace|Resource 3 offset is 2388...
Debug|Encoding resource 3...
Trace|Writing image in Raw mode
Trace|Transparency image...
Trace|Writing image header...
Trace|Width: 13, Height: 20, RowLength: 39
Trace|BPP: 24, PaletteColors: 0, Transaparency: 0
Trace|Resource 4 offset is 3184...
Debug|Encoding resource 4...
Trace|Writing image in Raw mode
Trace|Transparency image...
Trace|Writing image header...
Trace|Width: 13, Height: 20, RowLength: 39
Trace|BPP: 24, PaletteColors: 0, Transaparency: 0
Trace|Resource 5 offset is 3980...
Debug|Encoding resource 5...
Trace|Writing image in Raw mode
Trace|Transparency image...
Trace|Writing image header...
Trace|Width: 13, Height: 20, RowLength: 39
Trace|BPP: 24, PaletteColors: 0, Transaparency: 0
Trace|Resource 6 offset is 4776...
Debug|Encoding resource 6...
Trace|Writing image in Raw mode
Trace|Transparency image...
Trace|Writing image header...
Trace|Width: 13, Height: 20, RowLength: 39
Trace|BPP: 24, PaletteColors: 0, Transaparency: 0
Trace|Resource 7 offset is 5572...
Debug|Encoding resource 7...
Trace|Writing image in Raw mode
Trace|Transparency image...
Trace|Writing image header...
Trace|Width: 13, Height: 20, RowLength: 39
Trace|BPP: 24, PaletteColors: 0, Transaparency: 0
Trace|Resource 8 offset is 6368...
Debug|Encoding resource 8...
Trace|Writing image in Raw mode
Trace|Transparency image...
Trace|Writing image header...
Trace|Width: 13, Height: 20, RowLength: 39
Trace|BPP: 24, PaletteColors: 0, Transaparency: 0
Trace|Resource 9 offset is 7164...
Debug|Encoding resource 9...
Trace|Writing image in Raw mode
Trace|Transparency image...
Trace|Writing image header...
Trace|Width: 13, Height: 20, RowLength: 39
Trace|BPP: 24, PaletteColors: 0, Transaparency: 0
Trace|Resource 10 offset is 7960...
Debug|Encoding resource 10...
Trace|Writing image in Raw mode
Trace|Transparency image...
Trace|Writing image header...
Trace|Width: 13, Height: 20, RowLength: 39
Trace|BPP: 24, PaletteColors: 0, Transaparency: 0
Trace|Resource 11 offset is 8756...
Debug|Encoding resource 11...
Trace|Writing image in Raw mode
Trace|Transparency image...
Trace|Writing image header...
Trace|Width: 72, Height: 100, RowLength: 216
Trace|BPP: 24, PaletteColors: 0, Transaparency: 0
Trace|Resource 12 offset is 30372...
Debug|Encoding resource 12...
Trace|Writing image in Raw mode
Trace|Transparency image...
Trace|Writing image header...
Trace|Width: 72, Height: 100, RowLength: 216
Trace|BPP: 24, PaletteColors: 0, Transaparency: 0
Trace|Resource 13 offset is 51988...
Debug|Encoding resource 13...
Trace|Writing image in Raw mode
Trace|Transparency image...
Trace|Writing image header...
Trace|Width: 72, Height: 100, RowLength: 216
Trace|BPP: 24, PaletteColors: 0, Transaparency: 0
Trace|Resource 14 offset is 73604...
Debug|Encoding resource 14...
Trace|Writing image in Raw mode
Trace|Transparency image...
Trace|Writing image header...
Trace|Width: 72, Height: 100, RowLength: 216
Trace|BPP: 24, PaletteColors: 0, Transaparency: 0
Trace|Resource 15 offset is 95220...
Debug|Encoding resource 15...
Trace|Writing image in Raw mode
Trace|Transparency image...
Trace|Writing image header...
Trace|Width: 72, Height: 100, RowLength: 216
Trace|BPP: 24, PaletteColors: 0, Transaparency: 0
Trace|Resource 16 offset is 116836...
Debug|Encoding resource 16...
Trace|Writing image in Raw mode
Trace|Transparency image...
Trace|Writing image header...
Trace|Width: 72, Height: 100, RowLength: 216
Trace|BPP: 24, PaletteColors: 0, Transaparency: 0
Trace|Resource 17 offset is 138452...
Debug|Encoding resource 17...
Trace|Writing image in Raw mode
Trace|Transparency image...
Trace|Writing image header...
Trace|Width: 72, Height: 100, RowLength: 216
Trace|BPP: 24, PaletteColors: 0, Transaparency: 0
Trace|Resource 18 offset is 160068...
Debug|Encoding resource 18...
Trace|Writing image in Raw mode
Trace|Transparency image...
Trace|Writing image header...
Trace|Width: 72, Height: 100, RowLength: 216
Trace|BPP: 24, PaletteColors: 0, Transaparency: 0
Trace|Resource 19 offset is 181684...
Debug|Encoding resource 19...
Trace|Writing image in Raw mode
Trace|Transparency image...
Trace|Writing image header...
Trace|Width: 72, Height: 100, RowLength: 216
Trace|BPP: 24, PaletteColors: 0, Transaparency: 0
Trace|Resource 20 offset is 203300...
Debug|Encoding resource 20...
Trace|Writing image in Raw mode
Trace|Transparency image...
Trace|Writing image header...
Trace|Width: 72, Height: 100, RowLength: 216
Trace|BPP: 24, PaletteColors: 0, Transaparency: 0
Trace|Resource 21 offset is 224916...
Debug|Encoding resource 21...
Trace|Writing image in Raw mode
Trace|Transparency image...
Trace|Writing image header...
Trace|Width: 39, Height: 20, RowLength: 117
Trace|BPP: 24, PaletteColors: 0, Transaparency: 0
Trace|Resource 22 offset is 227272...
Debug|Encoding resource 22...
Trace|Writing image in Raw mode
Trace|Transparency image...
Trace|Writing image header...
Trace|Width: 39, Height: 20, RowLength: 117
Trace|BPP: 24, PaletteColors: 0, Transaparency: 0
Trace|Resource 23 offset is 229628...
Debug|Encoding resource 23...
Trace|Writing image in Raw mode
Trace|Transparency image...
Trace|Writing image header...
Trace|Width: 39, Height: 20, RowLength: 117
Trace|BPP: 24, PaletteColors: 0, Transaparency: 0
Trace|Resource 24 offset is 231984...
Debug|Encoding resource 24...
Trace|Writing image in Raw mode
Trace|Transparency image...
Trace|Writing image header...
Trace|Width: 39, Height: 20, RowLength: 117
Trace|BPP: 24, PaletteColors: 0, Transaparency: 0
Trace|Resource 25 offset is 234340...
Debug|Encoding resource 25...
Trace|Writing image in Raw mode
Trace|Transparency image...
Trace|Writing image header...
Trace|Width: 39, Height: 20, RowLength: 117
Trace|BPP: 24, PaletteColors: 0, Transaparency: 0
Trace|Resource 26 offset is 236696...
Debug|Encoding resource 26...
Trace|Writing image in Raw mode
Trace|Transparency image...
Trace|Writing image header...
Trace|Width: 39, Height: 20, RowLength: 117
Trace|BPP: 24, PaletteColors: 0, Transaparency: 0
Trace|Resource 27 offset is 239052...
Debug|Encoding resource 27...
Trace|Writing image in Raw mode
Trace|Transparency image...
Trace|Writing image header...
Trace|Width: 39, Height: 20, RowLength: 117
Trace|BPP: 24, PaletteColors: 0, Transaparency: 0
Trace|Resource 28 offset is 241408...
Debug|Encoding resource 28...
Trace|Writing image in Raw mode
Trace|Transparency image...
Trace|Writing image header...
Trace|Width: 39, Height: 20, RowLength: 117
Trace|BPP: 24, PaletteColors: 0, Transaparency: 0
Trace|Resource 29 offset is 243764...
Debug|Encoding resource 29...
Trace|Writing image in Raw mode
Trace|Transparency image...
Trace|Writing image header...
Trace|Width: 39, Height: 20, RowLength: 117
Trace|BPP: 24, PaletteColors: 0, Transaparency: 0
Trace|Resource 30 offset is 246120...
Debug|Encoding resource 30...
Trace|Writing image in Raw mode
Trace|Transparency image...
Trace|Writing image header...
Trace|Width: 39, Height: 20, RowLength: 117
Trace|BPP: 24, PaletteColors: 0, Transaparency: 0
Trace|Resource 31 offset is 248476...
Debug|Encoding resource 31...
Trace|Writing image in Raw mode
Trace|Transparency image...
Trace|Writing image header...
Trace|Width: 39, Height: 20, RowLength: 117
Trace|BPP: 24, PaletteColors: 0, Transaparency: 0
Trace|Resource 32 offset is 250832...
Debug|Encoding resource 32...
Trace|Writing image in Raw mode
Trace|Transparency image...
Trace|Writing image header...
Trace|Width: 39, Height: 20, RowLength: 117
Trace|BPP: 24, PaletteColors: 0, Transaparency: 0
Trace|Resource 33 offset is 253188...
Debug|Encoding resource 33...
Trace|Writing image in Raw mode
Trace|Transparency image...
Trace|Writing image header...
Trace|Width: 39, Height: 20, RowLength: 117
Trace|BPP: 24, PaletteColors: 0, Transaparency: 0
Trace|Resource 34 offset is 255544...
Debug|Encoding resource 34...
Trace|Writing image in Raw mode
Trace|Transparency image...
Trace|Writing image header...
Trace|Width: 39, Height: 20, RowLength: 117
Trace|BPP: 24, PaletteColors: 0, Transaparency: 0
Trace|Resource 35 offset is 257900...
Debug|Encoding resource 35...
Trace|Writing image in Raw mode
Trace|Transparency image...
Trace|Writing image header...
Trace|Width: 39, Height: 20, RowLength: 117
Trace|BPP: 24, PaletteColors: 0, Transaparency: 0
Trace|Resource 36 offset is 260256...
Debug|Encoding resource 36...
Trace|Writing image in Raw mode
Trace|Transparency image...
Trace|Writing image header...
Trace|Width: 39, Height: 20, RowLength: 117
Trace|BPP: 24, PaletteColors: 0, Transaparency: 0
Trace|Resource 37 offset is 262612...
Debug|Encoding resource 37...
Trace|Writing image in Raw mode
Trace|Transparency image...
Trace|Writing image header...
Trace|Width: 39, Height: 20, RowLength: 117
Trace|BPP: 24, PaletteColors: 0, Transaparency: 0
Trace|Resource 38 offset is 264968...
Debug|Encoding resource 38...
Trace|Writing image in Raw mode
Trace|Transparency image...
Trace|Writing image header...
Trace|Width: 39, Height: 20, RowLength: 117
Trace|BPP: 24, PaletteColors: 0, Transaparency: 0
Trace|Resource 39 offset is 267324...
Debug|Encoding resource 39...
Trace|Writing image in Raw mode
Trace|Transparency image...
Trace|Writing image header...
Trace|Width: 39, Height: 20, RowLength: 117
Trace|BPP: 24, PaletteColors: 0, Transaparency: 0
Trace|Resource 40 offset is 269680...
Debug|Encoding resource 40...
Trace|Writing image in Raw mode
Trace|No Transparency image...
Trace|Writing image header...
Trace|Width: 152, Height: 486, RowLength: 304
Trace|BPP: 16, PaletteColors: 0, Transaparency: 0
Trace|Writing image...
Trace|Resource 41 offset is 417440...
Debug|Encoding resource 41...
Trace|Writing image in Raw mode
Trace|Transparency image...
Trace|Writing image header...
Trace|Width: 110, Height: 352, RowLength: 330
Trace|BPP: 24, PaletteColors: 0, Transaparency: 0
Trace|Writing resources offsets table
Debug|Writing resources
